INFO [2025-06-06 07:41:24] Gnolfix(989096451): jsdf
INFO [2025-06-06 07:41:27] Gnolfix(989096451): Отправил мерзки /start фе
INFO [2025-06-06 07:41:31] Gnolfix(989096451): jsdf
INFO [2025-06-06 07:41:31] Gnolfix(989096451): asdf
INFO [2025-06-06 07:41:31] Gnolfix(989096451): jsdf
INFO [2025-06-06 07:41:31] Gnolfix(989096451): asdf
INFO [2025-06-06 08:06:07] Gnolfix(989096451): Отправил мерзки /start фе
INFO [2025-06-06 08:06:12] Gnolfix(989096451): /masohka
INFO [2025-06-06 08:06:21] Gnolfix(989096451): /masohka
INFO [2025-06-06 08:06:25] Gnolfix(989096451): /masohka
INFO [2025-06-06 08:06:27] Gnolfix(989096451): /pidor
INFO [2025-06-06 08:06:29] Gnolfix(989096451): /ads
INFO [2025-06-06 08:06:44] Gnolfix(989096451): /ads
INFO [2025-06-06 08:08:37] Gnolfix(989096451): Отправил мерзки /start фе
INFO [2025-06-06 08:10:05] Gnolfix(989096451): /pidor
INFO [2025-06-06 08:10:44] Gnolfix(989096451): Отправил мерзки /start фе
INFO [2025-06-06 08:10:48] Gnolfix(989096451): /pidor
INFO [2025-06-06 08:10:52] Gnolfix(989096451): /pidor
INFO [2025-06-06 08:10:53] Gnolfix(989096451): /pidor
INFO [2025-06-06 08:10:53] Gnolfix(989096451): /pidor
INFO [2025-06-06 08:10:53] Gnolfix(989096451): /pidor
INFO [2025-06-06 08:11:18] Gnolfix(989096451): /pidor
INFO [2025-06-06 08:12:18] Gnolfix(989096451): /pidor
INFO [2025-06-06 08:12:19] Gnolfix(989096451): /pidor
INFO [2025-06-06 08:14:23] Gnolfix(989096451): /pidor
INFO [2025-06-06 08:14:25] Gnolfix(989096451): /pidor
INFO [2025-06-06 08:14:55] Gnolfix(989096451): /pidor
INFO [2025-06-06 08:16:29] Gnolfix(989096451): /pidor
INFO [2025-06-06 08:16:31] Gnolfix(989096451): Отправил мерзки /start фе
INFO [2025-06-06 08:16:35] Gnolfix(989096451): /pidor
INFO [2025-06-06 08:19:32] Gnolfix(989096451): /pidor
INFO [2025-06-06 08:19:34] Когдя тебя ебали что на жопе написали?
INFO [2025-06-06 09:10:43] Gnolfix(989096451): /zov
INFO [2025-06-06 09:10:43] Gnolfix(989096451): Отправил мерзки /start фе
